Puglin/build/outputs/mapping/release/seeds.txt
com.gyl.permission.puglin.R$anim: int design_bottom_sheet_slide_out
com.gyl.permission.puglin.R$integer: int mtrl_calendar_header_orientation
com.gyl.permission.puglin.R$dimen: int abc_text_size_caption_material
com.gyl.permission.puglin.R$interpolator: int btn_checkbox_unchecked_mtrl_animation_interpolator_0
com.gyl.permission.puglin.R$attr: int chipSpacingVertical
com.gyl.permission.puglin.R$dimen: int mtrl_bottomappbar_fab_cradle_rounded_corner_radius
com.gyl.permission.puglin.R$styleable: int ConstraintLayout_Layout_layout_constraintLeft_creator
com.gyl.permission.puglin.R$styleable: int NavigationView_itemIconTint
com.gyl.permission.puglin.R$id: int pin
com.gyl.permission.puglin.R$drawable: int abc_tab_indicator_material
com.gyl.permission.puglin.R$attr: int tabIconTint
com.gyl.permission.puglin.R$style: int Widget_Support_CoordinatorLayout
com.gyl.permission.puglin.R$attr: int materialCalendarHeaderToggleButton
com.gyl.permission.puglin.R$styleable: int Chip_android_textAppearance
com.gyl.permission.puglin.R$styleable: int ConstraintLayout_Layout_layout_constraintHeight_max
com.gyl.permission.puglin.R$styleable: int MenuItem_tooltipText
com.gyl.permission.puglin.R$anim: int mtrl_bottom_sheet_slide_in
com.gyl.permission.puglin.R$styleable: int AppCompatTheme_actionModePasteDrawable
com.gyl.permission.puglin.R$styleable: int ChipGroup_singleSelection
com.gyl.permission.puglin.R$styleable: int[] TabLayout
com.gyl.permission.puglin.R$attr: int fabCradleRoundedCornerRadius
com.gyl.permission.puglin.R$style: int Theme_MaterialComponents_Dialog_Alert_Bridge
com.gyl.permission.puglin.R$style: int Base_TextAppearance_AppCompat_Light_Widget_PopupMenu_Large
com.gyl.permission.puglin.R$interpolator: int mtrl_linear
com.gyl.permission.puglin.R$id: int mtrl_calendar_day_selector_frame
com.gyl.permission.puglin.R$integer
com.gyl.permission.puglin.R$styleable: int MaterialCalendar_dayInvalidStyle
com.gyl.permission.puglin.R$style: int Theme_AppCompat_DayNight_DarkActionBar
com.gyl.permission.puglin.R$attr: int buttonBarNegativeButtonStyle
com.gyl.permission.puglin.R$style: int Theme_MaterialComponents_Light_DarkActionBar
com.gyl.permission.puglin.R$style: int ThemeOverlay_MaterialComponents
com.gyl.permission.puglin.R$style: int ShapeAppearanceOverlay_MaterialComponents_MaterialCalendar_Year
com.gyl.permission.puglin.R$styleable: int MenuGroup_android_id
com.gyl.permission.puglin.R$styleable: int ConstraintSet_layout_constraintHorizontal_weight
com.gyl.permission.puglin.R$layout: int design_navigation_menu
com.gyl.permission.puglin.R$attr: int counterTextColor
com.gyl.permission.puglin.R$id: int text_input_end_icon
com.gyl.permission.puglin.R$styleable: int ConstraintSet_layout_goneMarginTop
com.gyl.permission.puglin.R$dimen: int mtrl_extended_fab_start_padding
com.gyl.permission.puglin.R$styleable: int[] MaterialAlertDialogTheme
com.gyl.permission.puglin.R$style: int Base_TextAppearance_AppCompat_Light_Widget_PopupMenu_Small
com.gyl.permission.puglin.R$id: int accessibility_custom_action_16
com.gyl.permission.puglin.R$drawable: int abc_text_cursor_material
com.gyl.permission.puglin.R$styleable: int AppCompatTextView_autoSizeTextType
com.gyl.permission.puglin.R$id: int mtrl_internal_children_alpha_tag
com.gyl.permission.puglin.R$dimen: int mtrl_btn_hovered_z
com.gyl.permission.puglin.R$drawable: int notification_template_icon_bg
com.gyl.permission.puglin.R$color: int dim_foreground_material_dark
com.gyl.permission.puglin.R$styleable: int AppCompatTheme_buttonBarNegativeButtonStyle
com.gyl.permission.puglin.R$styleable: int FloatingActionButton_hideMotionSpec
com.gyl.permission.puglin.R$style: int TextAppearance_Design_HelperText
com.gyl.permission.puglin.R$style: int Base_Theme_AppCompat_Dialog_Alert
com.gyl.permission.puglin.R$color: int abc_tint_spinner
com.gyl.permission.puglin.R$anim: int btn_checkbox_to_unchecked_icon_null_animation
com.gyl.permission.puglin.R$id: int action_bar_container